[2025-10-29T18:07:07.938+0000] {local_task_job_runner.py:120} INFO - ::group::Pre task execution logs
[2025-10-29T18:07:07.946+0000] {taskinstance.py:2076} INFO - Dependencies all met for dep_context=non-requeueable deps ti=<TaskInstance: labels_union.build_union scheduled__2025-09-01T00:00:00+00:00 [queued]>
[2025-10-29T18:07:07.948+0000] {taskinstance.py:2076} INFO - Dependencies all met for dep_context=requeueable deps ti=<TaskInstance: labels_union.build_union scheduled__2025-09-01T00:00:00+00:00 [queued]>
[2025-10-29T18:07:07.948+0000] {taskinstance.py:2306} INFO - Starting attempt 1 of 1
[2025-10-29T18:07:07.951+0000] {taskinstance.py:2330} INFO - Executing <Task(PythonOperator): build_union> on 2025-09-01 00:00:00+00:00
[2025-10-29T18:07:07.954+0000] {standard_task_runner.py:90} INFO - Running: ['airflow', 'tasks', 'run', 'labels_union', 'build_union', 'scheduled__2025-09-01T00:00:00+00:00', '--job-id', '12', '--raw', '--subdir', 'DAGS_FOLDER/labels_union.py', '--cfg-path', '/tmp/tmpgdmvr6cd']
[2025-10-29T18:07:07.956+0000] {standard_task_runner.py:91} INFO - Job 12: Subtask build_union
[2025-10-29T18:07:07.956+0000] {logging_mixin.py:188} WARNING - /home/airflow/.local/lib/python3.12/site-packages/airflow/task/task_runner/standard_task_runner.py:62 DeprecationWarning: This process (pid=465) is multi-threaded, use of fork() may lead to deadlocks in the child.
[2025-10-29T18:07:07.958+0000] {standard_task_runner.py:64} INFO - Started process 476 to run task
[2025-10-29T18:07:07.968+0000] {task_command.py:426} INFO - Running <TaskInstance: labels_union.build_union scheduled__2025-09-01T00:00:00+00:00 [running]> on host 9a4b1d75930e
[2025-10-29T18:07:07.984+0000] {taskinstance.py:2648} INFO - Exporting env vars: AIRFLOW_CTX_DAG_OWNER='you' AIRFLOW_CTX_DAG_ID='labels_union' AIRFLOW_CTX_TASK_ID='build_union' AIRFLOW_CTX_EXECUTION_DATE='2025-09-01T00:00:00+00:00' AIRFLOW_CTX_TRY_NUMBER='1' AIRFLOW_CTX_DAG_RUN_ID='scheduled__2025-09-01T00:00:00+00:00'
[2025-10-29T18:07:07.984+0000] {taskinstance.py:430} INFO - ::endgroup::
[2025-10-29T18:07:08.009+0000] {logging_mixin.py:188} INFO - [labels_union] 2025-09-01: wrote 3114 rows -> /opt/airflow/silver/labels_union/ingest_date=2025-09-01
[2025-10-29T18:07:08.009+0000] {python.py:237} INFO - Done. Returned value was: None
[2025-10-29T18:07:08.009+0000] {taskinstance.py:441} INFO - ::group::Post task execution logs
[2025-10-29T18:07:08.010+0000] {taskinstance.py:1206} INFO - Marking task as SUCCESS. dag_id=labels_union, task_id=build_union, run_id=scheduled__2025-09-01T00:00:00+00:00, execution_date=20250901T000000, start_date=20251029T180707, end_date=20251029T180708
[2025-10-29T18:07:08.016+0000] {local_task_job_runner.py:243} INFO - Task exited with return code 0
[2025-10-29T18:07:08.020+0000] {taskinstance.py:3503} INFO - 0 downstream tasks scheduled from follow-on schedule check
[2025-10-29T18:07:08.020+0000] {local_task_job_runner.py:222} INFO - ::endgroup::
[2025-11-03T21:32:12.913+0000] {local_task_job_runner.py:120} INFO - ::group::Pre task execution logs
[2025-11-03T21:32:12.922+0000] {taskinstance.py:2076} INFO - Dependencies all met for dep_context=non-requeueable deps ti=<TaskInstance: labels_union.build_union scheduled__2025-09-01T00:00:00+00:00 [queued]>
[2025-11-03T21:32:12.923+0000] {taskinstance.py:2076} INFO - Dependencies all met for dep_context=requeueable deps ti=<TaskInstance: labels_union.build_union scheduled__2025-09-01T00:00:00+00:00 [queued]>
[2025-11-03T21:32:12.923+0000] {taskinstance.py:2306} INFO - Starting attempt 1 of 1
[2025-11-03T21:32:12.926+0000] {taskinstance.py:2330} INFO - Executing <Task(PythonOperator): build_union> on 2025-09-01 00:00:00+00:00
[2025-11-03T21:32:12.929+0000] {standard_task_runner.py:90} INFO - Running: ['airflow', 'tasks', 'run', 'labels_union', 'build_union', 'scheduled__2025-09-01T00:00:00+00:00', '--job-id', '6', '--raw', '--subdir', 'DAGS_FOLDER/labels_union.py', '--cfg-path', '/tmp/tmpgkhh3nal']
[2025-11-03T21:32:12.931+0000] {standard_task_runner.py:91} INFO - Job 6: Subtask build_union
[2025-11-03T21:32:12.931+0000] {logging_mixin.py:188} WARNING - /home/airflow/.local/lib/python3.12/site-packages/airflow/task/task_runner/standard_task_runner.py:62 DeprecationWarning: This process (pid=415) is multi-threaded, use of fork() may lead to deadlocks in the child.
[2025-11-03T21:32:12.934+0000] {standard_task_runner.py:64} INFO - Started process 426 to run task
[2025-11-03T21:32:12.945+0000] {task_command.py:426} INFO - Running <TaskInstance: labels_union.build_union scheduled__2025-09-01T00:00:00+00:00 [running]> on host 8e26f6dc1ac9
[2025-11-03T21:32:12.962+0000] {taskinstance.py:2648} INFO - Exporting env vars: AIRFLOW_CTX_DAG_OWNER='you' AIRFLOW_CTX_DAG_ID='labels_union' AIRFLOW_CTX_TASK_ID='build_union' AIRFLOW_CTX_EXECUTION_DATE='2025-09-01T00:00:00+00:00' AIRFLOW_CTX_TRY_NUMBER='1' AIRFLOW_CTX_DAG_RUN_ID='scheduled__2025-09-01T00:00:00+00:00'
[2025-11-03T21:32:12.962+0000] {taskinstance.py:430} INFO - ::endgroup::
[2025-11-03T21:32:12.967+0000] {taskinstance.py:441} INFO - ::group::Post task execution logs
[2025-11-03T21:32:12.967+0000] {taskinstance.py:2905} ERROR - Task failed with exception
Traceback (most recent call last):
  File "/home/airflow/.local/lib/python3.12/site-packages/airflow/models/taskinstance.py", line 465, in _execute_task
    result = _execute_callable(context=context, **execute_callable_kwargs)
             ^^^^^^^^^^^^^^^^^^^^^^^^^^^^^^^^^^^^^^^^^^^^^^^^^^^^^^^^^^^^^
  File "/home/airflow/.local/lib/python3.12/site-packages/airflow/models/taskinstance.py", line 432, in _execute_callable
    return execute_callable(context=context, **execute_callable_kwargs)
           ^^^^^^^^^^^^^^^^^^^^^^^^^^^^^^^^^^^^^^^^^^^^^^^^^^^^^^^^^^^^
  File "/home/airflow/.local/lib/python3.12/site-packages/airflow/models/baseoperator.py", line 401, in wrapper
    return func(self, *args, **kwargs)
           ^^^^^^^^^^^^^^^^^^^^^^^^^^^
  File "/home/airflow/.local/lib/python3.12/site-packages/airflow/operators/python.py", line 235, in execute
    return_value = self.execute_callable()
                   ^^^^^^^^^^^^^^^^^^^^^^^
  File "/home/airflow/.local/lib/python3.12/site-packages/airflow/operators/python.py", line 252, in execute_callable
    return self.python_callable(*self.op_args, **self.op_kwargs)
           ^^^^^^^^^^^^^^^^^^^^^^^^^^^^^^^^^^^^^^^^^^^^^^^^^^^^^
  File "/opt/airflow/dags/labels_union.py", line 22, in build_union
    raise FileNotFoundError(f"No silver inputs for {ds}")
FileNotFoundError: No silver inputs for 2025-09-01
[2025-11-03T21:32:12.969+0000] {taskinstance.py:1206} INFO - Marking task as FAILED. dag_id=labels_union, task_id=build_union, run_id=scheduled__2025-09-01T00:00:00+00:00, execution_date=20250901T000000, start_date=20251103T213212, end_date=20251103T213212
[2025-11-03T21:32:12.972+0000] {standard_task_runner.py:110} ERROR - Failed to execute job 6 for task build_union (No silver inputs for 2025-09-01; 426)
[2025-11-03T21:32:12.994+0000] {local_task_job_runner.py:243} INFO - Task exited with return code 1
[2025-11-03T21:32:12.997+0000] {taskinstance.py:3503} INFO - 0 downstream tasks scheduled from follow-on schedule check
[2025-11-03T21:32:12.997+0000] {local_task_job_runner.py:222} INFO - ::endgroup::
