[2025-10-29T18:07:41.520+0000] {local_task_job_runner.py:120} INFO - ::group::Pre task execution logs
[2025-10-29T18:07:41.528+0000] {taskinstance.py:2076} INFO - Dependencies all met for dep_context=non-requeueable deps ti=<TaskInstance: labels_union.build_union scheduled__2025-09-04T00:00:00+00:00 [queued]>
[2025-10-29T18:07:41.529+0000] {taskinstance.py:2076} INFO - Dependencies all met for dep_context=requeueable deps ti=<TaskInstance: labels_union.build_union scheduled__2025-09-04T00:00:00+00:00 [queued]>
[2025-10-29T18:07:41.529+0000] {taskinstance.py:2306} INFO - Starting attempt 1 of 1
[2025-10-29T18:07:41.533+0000] {taskinstance.py:2330} INFO - Executing <Task(PythonOperator): build_union> on 2025-09-04 00:00:00+00:00
[2025-10-29T18:07:41.536+0000] {standard_task_runner.py:90} INFO - Running: ['airflow', 'tasks', 'run', 'labels_union', 'build_union', 'scheduled__2025-09-04T00:00:00+00:00', '--job-id', '27', '--raw', '--subdir', 'DAGS_FOLDER/labels_union.py', '--cfg-path', '/tmp/tmp5dea709v']
[2025-10-29T18:07:41.537+0000] {standard_task_runner.py:91} INFO - Job 27: Subtask build_union
[2025-10-29T18:07:41.537+0000] {logging_mixin.py:188} WARNING - /home/airflow/.local/lib/python3.12/site-packages/airflow/task/task_runner/standard_task_runner.py:62 DeprecationWarning: This process (pid=837) is multi-threaded, use of fork() may lead to deadlocks in the child.
[2025-10-29T18:07:41.539+0000] {standard_task_runner.py:64} INFO - Started process 848 to run task
[2025-10-29T18:07:41.547+0000] {task_command.py:426} INFO - Running <TaskInstance: labels_union.build_union scheduled__2025-09-04T00:00:00+00:00 [running]> on host 9a4b1d75930e
[2025-10-29T18:07:41.565+0000] {taskinstance.py:2648} INFO - Exporting env vars: AIRFLOW_CTX_DAG_OWNER='you' AIRFLOW_CTX_DAG_ID='labels_union' AIRFLOW_CTX_TASK_ID='build_union' AIRFLOW_CTX_EXECUTION_DATE='2025-09-04T00:00:00+00:00' AIRFLOW_CTX_TRY_NUMBER='1' AIRFLOW_CTX_DAG_RUN_ID='scheduled__2025-09-04T00:00:00+00:00'
[2025-10-29T18:07:41.566+0000] {taskinstance.py:430} INFO - ::endgroup::
[2025-10-29T18:07:41.589+0000] {logging_mixin.py:188} INFO - [labels_union] 2025-09-04: wrote 3114 rows -> /opt/airflow/silver/labels_union/ingest_date=2025-09-04
[2025-10-29T18:07:41.589+0000] {python.py:237} INFO - Done. Returned value was: None
[2025-10-29T18:07:41.589+0000] {taskinstance.py:441} INFO - ::group::Post task execution logs
[2025-10-29T18:07:41.591+0000] {taskinstance.py:1206} INFO - Marking task as SUCCESS. dag_id=labels_union, task_id=build_union, run_id=scheduled__2025-09-04T00:00:00+00:00, execution_date=20250904T000000, start_date=20251029T180741, end_date=20251029T180741
[2025-10-29T18:07:41.606+0000] {local_task_job_runner.py:243} INFO - Task exited with return code 0
[2025-10-29T18:07:41.609+0000] {taskinstance.py:3503} INFO - 0 downstream tasks scheduled from follow-on schedule check
[2025-10-29T18:07:41.609+0000] {local_task_job_runner.py:222} INFO - ::endgroup::
[2025-11-03T21:32:29.270+0000] {local_task_job_runner.py:120} INFO - ::group::Pre task execution logs
[2025-11-03T21:32:29.278+0000] {taskinstance.py:2076} INFO - Dependencies all met for dep_context=non-requeueable deps ti=<TaskInstance: labels_union.build_union scheduled__2025-09-04T00:00:00+00:00 [queued]>
[2025-11-03T21:32:29.279+0000] {taskinstance.py:2076} INFO - Dependencies all met for dep_context=requeueable deps ti=<TaskInstance: labels_union.build_union scheduled__2025-09-04T00:00:00+00:00 [queued]>
[2025-11-03T21:32:29.279+0000] {taskinstance.py:2306} INFO - Starting attempt 1 of 1
[2025-11-03T21:32:29.283+0000] {taskinstance.py:2330} INFO - Executing <Task(PythonOperator): build_union> on 2025-09-04 00:00:00+00:00
[2025-11-03T21:32:29.286+0000] {standard_task_runner.py:90} INFO - Running: ['airflow', 'tasks', 'run', 'labels_union', 'build_union', 'scheduled__2025-09-04T00:00:00+00:00', '--job-id', '10', '--raw', '--subdir', 'DAGS_FOLDER/labels_union.py', '--cfg-path', '/tmp/tmpc16s9pu3']
[2025-11-03T21:32:29.288+0000] {standard_task_runner.py:91} INFO - Job 10: Subtask build_union
[2025-11-03T21:32:29.288+0000] {logging_mixin.py:188} WARNING - /home/airflow/.local/lib/python3.12/site-packages/airflow/task/task_runner/standard_task_runner.py:62 DeprecationWarning: This process (pid=505) is multi-threaded, use of fork() may lead to deadlocks in the child.
[2025-11-03T21:32:29.290+0000] {standard_task_runner.py:64} INFO - Started process 516 to run task
[2025-11-03T21:32:29.300+0000] {task_command.py:426} INFO - Running <TaskInstance: labels_union.build_union scheduled__2025-09-04T00:00:00+00:00 [running]> on host 8e26f6dc1ac9
[2025-11-03T21:32:29.316+0000] {taskinstance.py:2648} INFO - Exporting env vars: AIRFLOW_CTX_DAG_OWNER='you' AIRFLOW_CTX_DAG_ID='labels_union' AIRFLOW_CTX_TASK_ID='build_union' AIRFLOW_CTX_EXECUTION_DATE='2025-09-04T00:00:00+00:00' AIRFLOW_CTX_TRY_NUMBER='1' AIRFLOW_CTX_DAG_RUN_ID='scheduled__2025-09-04T00:00:00+00:00'
[2025-11-03T21:32:29.316+0000] {taskinstance.py:430} INFO - ::endgroup::
[2025-11-03T21:32:29.320+0000] {taskinstance.py:441} INFO - ::group::Post task execution logs
[2025-11-03T21:32:29.320+0000] {taskinstance.py:2905} ERROR - Task failed with exception
Traceback (most recent call last):
  File "/home/airflow/.local/lib/python3.12/site-packages/airflow/models/taskinstance.py", line 465, in _execute_task
    result = _execute_callable(context=context, **execute_callable_kwargs)
             ^^^^^^^^^^^^^^^^^^^^^^^^^^^^^^^^^^^^^^^^^^^^^^^^^^^^^^^^^^^^^
  File "/home/airflow/.local/lib/python3.12/site-packages/airflow/models/taskinstance.py", line 432, in _execute_callable
    return execute_callable(context=context, **execute_callable_kwargs)
           ^^^^^^^^^^^^^^^^^^^^^^^^^^^^^^^^^^^^^^^^^^^^^^^^^^^^^^^^^^^^
  File "/home/airflow/.local/lib/python3.12/site-packages/airflow/models/baseoperator.py", line 401, in wrapper
    return func(self, *args, **kwargs)
           ^^^^^^^^^^^^^^^^^^^^^^^^^^^
  File "/home/airflow/.local/lib/python3.12/site-packages/airflow/operators/python.py", line 235, in execute
    return_value = self.execute_callable()
                   ^^^^^^^^^^^^^^^^^^^^^^^
  File "/home/airflow/.local/lib/python3.12/site-packages/airflow/operators/python.py", line 252, in execute_callable
    return self.python_callable(*self.op_args, **self.op_kwargs)
           ^^^^^^^^^^^^^^^^^^^^^^^^^^^^^^^^^^^^^^^^^^^^^^^^^^^^^
  File "/opt/airflow/dags/labels_union.py", line 22, in build_union
    raise FileNotFoundError(f"No silver inputs for {ds}")
FileNotFoundError: No silver inputs for 2025-09-04
[2025-11-03T21:32:29.322+0000] {taskinstance.py:1206} INFO - Marking task as FAILED. dag_id=labels_union, task_id=build_union, run_id=scheduled__2025-09-04T00:00:00+00:00, execution_date=20250904T000000, start_date=20251103T213229, end_date=20251103T213229
[2025-11-03T21:32:29.325+0000] {standard_task_runner.py:110} ERROR - Failed to execute job 10 for task build_union (No silver inputs for 2025-09-04; 516)
[2025-11-03T21:32:29.351+0000] {local_task_job_runner.py:243} INFO - Task exited with return code 1
[2025-11-03T21:32:29.355+0000] {taskinstance.py:3503} INFO - 0 downstream tasks scheduled from follow-on schedule check
[2025-11-03T21:32:29.355+0000] {local_task_job_runner.py:222} INFO - ::endgroup::
