[2025-11-06T00:06:50.934+0000] {local_task_job_runner.py:120} INFO - ::group::Pre task execution logs
[2025-11-06T00:06:50.944+0000] {taskinstance.py:2076} INFO - Dependencies all met for dep_context=non-requeueable deps ti=<TaskInstance: labels_union.build_union scheduled__2025-11-05T00:00:00+00:00 [queued]>
[2025-11-06T00:06:50.946+0000] {taskinstance.py:2076} INFO - Dependencies all met for dep_context=requeueable deps ti=<TaskInstance: labels_union.build_union scheduled__2025-11-05T00:00:00+00:00 [queued]>
[2025-11-06T00:06:50.946+0000] {taskinstance.py:2306} INFO - Starting attempt 1 of 1
[2025-11-06T00:06:50.950+0000] {taskinstance.py:2330} INFO - Executing <Task(PythonOperator): build_union> on 2025-11-05 00:00:00+00:00
[2025-11-06T00:06:50.953+0000] {standard_task_runner.py:90} INFO - Running: ['airflow', 'tasks', 'run', 'labels_union', 'build_union', 'scheduled__2025-11-05T00:00:00+00:00', '--job-id', '28', '--raw', '--subdir', 'DAGS_FOLDER/labels_union.py', '--cfg-path', '/tmp/tmpoiyq5ht5']
[2025-11-06T00:06:50.954+0000] {standard_task_runner.py:91} INFO - Job 28: Subtask build_union
[2025-11-06T00:06:50.954+0000] {logging_mixin.py:188} WARNING - /home/airflow/.local/lib/python3.12/site-packages/airflow/task/task_runner/standard_task_runner.py:62 DeprecationWarning: This process (pid=36557) is multi-threaded, use of fork() may lead to deadlocks in the child.
[2025-11-06T00:06:50.956+0000] {standard_task_runner.py:64} INFO - Started process 36568 to run task
[2025-11-06T00:06:50.965+0000] {task_command.py:426} INFO - Running <TaskInstance: labels_union.build_union scheduled__2025-11-05T00:00:00+00:00 [running]> on host 7e98baed574a
[2025-11-06T00:06:50.983+0000] {taskinstance.py:2648} INFO - Exporting env vars: AIRFLOW_CTX_DAG_OWNER='you' AIRFLOW_CTX_DAG_ID='labels_union' AIRFLOW_CTX_TASK_ID='build_union' AIRFLOW_CTX_EXECUTION_DATE='2025-11-05T00:00:00+00:00' AIRFLOW_CTX_TRY_NUMBER='1' AIRFLOW_CTX_DAG_RUN_ID='scheduled__2025-11-05T00:00:00+00:00'
[2025-11-06T00:06:50.984+0000] {taskinstance.py:430} INFO - ::endgroup::
[2025-11-06T00:06:50.988+0000] {taskinstance.py:441} INFO - ::group::Post task execution logs
[2025-11-06T00:06:50.988+0000] {taskinstance.py:2905} ERROR - Task failed with exception
Traceback (most recent call last):
  File "/home/airflow/.local/lib/python3.12/site-packages/airflow/models/taskinstance.py", line 465, in _execute_task
    result = _execute_callable(context=context, **execute_callable_kwargs)
             ^^^^^^^^^^^^^^^^^^^^^^^^^^^^^^^^^^^^^^^^^^^^^^^^^^^^^^^^^^^^^
  File "/home/airflow/.local/lib/python3.12/site-packages/airflow/models/taskinstance.py", line 432, in _execute_callable
    return execute_callable(context=context, **execute_callable_kwargs)
           ^^^^^^^^^^^^^^^^^^^^^^^^^^^^^^^^^^^^^^^^^^^^^^^^^^^^^^^^^^^^
  File "/home/airflow/.local/lib/python3.12/site-packages/airflow/models/baseoperator.py", line 401, in wrapper
    return func(self, *args, **kwargs)
           ^^^^^^^^^^^^^^^^^^^^^^^^^^^
  File "/home/airflow/.local/lib/python3.12/site-packages/airflow/operators/python.py", line 235, in execute
    return_value = self.execute_callable()
                   ^^^^^^^^^^^^^^^^^^^^^^^
  File "/home/airflow/.local/lib/python3.12/site-packages/airflow/operators/python.py", line 252, in execute_callable
    return self.python_callable(*self.op_args, **self.op_kwargs)
           ^^^^^^^^^^^^^^^^^^^^^^^^^^^^^^^^^^^^^^^^^^^^^^^^^^^^^
  File "/opt/airflow/dags/labels_union.py", line 22, in build_union
    raise FileNotFoundError(f"No silver inputs for {ds}")
FileNotFoundError: No silver inputs for 2025-11-05
[2025-11-06T00:06:50.991+0000] {taskinstance.py:1206} INFO - Marking task as FAILED. dag_id=labels_union, task_id=build_union, run_id=scheduled__2025-11-05T00:00:00+00:00, execution_date=20251105T000000, start_date=20251106T000650, end_date=20251106T000650
[2025-11-06T00:06:50.994+0000] {standard_task_runner.py:110} ERROR - Failed to execute job 28 for task build_union (No silver inputs for 2025-11-05; 36568)
[2025-11-06T00:06:51.016+0000] {local_task_job_runner.py:243} INFO - Task exited with return code 1
[2025-11-06T00:06:51.020+0000] {taskinstance.py:3503} INFO - 0 downstream tasks scheduled from follow-on schedule check
[2025-11-06T00:06:51.020+0000] {local_task_job_runner.py:222} INFO - ::endgroup::
