[2025-10-06T00:17:26.716+0000] {local_task_job_runner.py:120} INFO - ::group::Pre task execution logs
[2025-10-06T00:17:26.735+0000] {taskinstance.py:2076} INFO - Dependencies all met for dep_context=non-requeueable deps ti=<TaskInstance: urlhaus_ingest.urlhaus_fetch_normalize_bronze scheduled__2025-10-05T00:00:00+00:00 [queued]>
[2025-10-06T00:17:26.738+0000] {taskinstance.py:2076} INFO - Dependencies all met for dep_context=requeueable deps ti=<TaskInstance: urlhaus_ingest.urlhaus_fetch_normalize_bronze scheduled__2025-10-05T00:00:00+00:00 [queued]>
[2025-10-06T00:17:26.738+0000] {taskinstance.py:2306} INFO - Starting attempt 1 of 2
[2025-10-06T00:17:26.745+0000] {taskinstance.py:2330} INFO - Executing <Task(PythonOperator): urlhaus_fetch_normalize_bronze> on 2025-10-05 00:00:00+00:00
[2025-10-06T00:17:26.752+0000] {warnings.py:112} WARNING - /home/airflow/.local/lib/python3.12/site-packages/airflow/task/task_runner/standard_task_runner.py:62: DeprecationWarning: This process (pid=87982) is multi-threaded, use of fork() may lead to deadlocks in the child.
  pid = os.fork()

[2025-10-06T00:17:26.755+0000] {standard_task_runner.py:64} INFO - Started process 88003 to run task
[2025-10-06T00:17:26.756+0000] {standard_task_runner.py:90} INFO - Running: ['airflow', 'tasks', 'run', 'urlhaus_ingest', 'urlhaus_fetch_normalize_bronze', 'scheduled__2025-10-05T00:00:00+00:00', '--job-id', '99', '--raw', '--subdir', 'DAGS_FOLDER/urlhaus_ingest.py', '--cfg-path', '/tmp/tmp7pigp5q5']
[2025-10-06T00:17:26.757+0000] {standard_task_runner.py:91} INFO - Job 99: Subtask urlhaus_fetch_normalize_bronze
[2025-10-06T00:17:26.802+0000] {task_command.py:426} INFO - Running <TaskInstance: urlhaus_ingest.urlhaus_fetch_normalize_bronze scheduled__2025-10-05T00:00:00+00:00 [running]> on host 539ffd8f219e
[2025-10-06T00:17:26.857+0000] {taskinstance.py:2648} INFO - Exporting env vars: AIRFLOW_CTX_DAG_OWNER='you' AIRFLOW_CTX_DAG_ID='urlhaus_ingest' AIRFLOW_CTX_TASK_ID='urlhaus_fetch_normalize_bronze' AIRFLOW_CTX_EXECUTION_DATE='2025-10-05T00:00:00+00:00' AIRFLOW_CTX_TRY_NUMBER='1' AIRFLOW_CTX_DAG_RUN_ID='scheduled__2025-10-05T00:00:00+00:00'
[2025-10-06T00:17:26.857+0000] {taskinstance.py:430} INFO - ::endgroup::
[2025-10-06T00:17:26.877+0000] {taskinstance.py:441} INFO - ::group::Post task execution logs
[2025-10-06T00:17:26.878+0000] {taskinstance.py:2905} ERROR - Task failed with exception
Traceback (most recent call last):
  File "/home/airflow/.local/lib/python3.12/site-packages/urllib3/connection.py", line 203, in _new_conn
    sock = connection.create_connection(
           ^^^^^^^^^^^^^^^^^^^^^^^^^^^^^
  File "/home/airflow/.local/lib/python3.12/site-packages/urllib3/util/connection.py", line 60, in create_connection
    for res in socket.getaddrinfo(host, port, family, socket.SOCK_STREAM):
               ^^^^^^^^^^^^^^^^^^^^^^^^^^^^^^^^^^^^^^^^^^^^^^^^^^^^^^^^^^
  File "/usr/local/lib/python3.12/socket.py", line 964, in getaddrinfo
    for res in _socket.getaddrinfo(host, port, family, type, proto, flags):
               ^^^^^^^^^^^^^^^^^^^^^^^^^^^^^^^^^^^^^^^^^^^^^^^^^^^^^^^^^^^
socket.gaierror: [Errno -2] Name or service not known

The above exception was the direct cause of the following exception:

Traceback (most recent call last):
  File "/home/airflow/.local/lib/python3.12/site-packages/urllib3/connectionpool.py", line 791, in urlopen
    response = self._make_request(
               ^^^^^^^^^^^^^^^^^^^
  File "/home/airflow/.local/lib/python3.12/site-packages/urllib3/connectionpool.py", line 492, in _make_request
    raise new_e
  File "/home/airflow/.local/lib/python3.12/site-packages/urllib3/connectionpool.py", line 468, in _make_request
    self._validate_conn(conn)
  File "/home/airflow/.local/lib/python3.12/site-packages/urllib3/connectionpool.py", line 1097, in _validate_conn
    conn.connect()
  File "/home/airflow/.local/lib/python3.12/site-packages/urllib3/connection.py", line 611, in connect
    self.sock = sock = self._new_conn()
                       ^^^^^^^^^^^^^^^^
  File "/home/airflow/.local/lib/python3.12/site-packages/urllib3/connection.py", line 210, in _new_conn
    raise NameResolutionError(self.host, self, e) from e
urllib3.exceptions.NameResolutionError: <urllib3.connection.HTTPSConnection object at 0xffff4e8bb770>: Failed to resolve 'urlhaus.abuse.ch' ([Errno -2] Name or service not known)

The above exception was the direct cause of the following exception:

Traceback (most recent call last):
  File "/home/airflow/.local/lib/python3.12/site-packages/requests/adapters.py", line 667, in send
    resp = conn.urlopen(
           ^^^^^^^^^^^^^
  File "/home/airflow/.local/lib/python3.12/site-packages/urllib3/connectionpool.py", line 845, in urlopen
    retries = retries.increment(
              ^^^^^^^^^^^^^^^^^^
  File "/home/airflow/.local/lib/python3.12/site-packages/urllib3/util/retry.py", line 515, in increment
    raise MaxRetryError(_pool, url, reason) from reason  # type: ignore[arg-type]
    ^^^^^^^^^^^^^^^^^^^^^^^^^^^^^^^^^^^^^^^^^^^^^^^^^^^
urllib3.exceptions.MaxRetryError: HTTPSConnectionPool(host='urlhaus.abuse.ch', port=443): Max retries exceeded with url: /downloads/csv_online/ (Caused by NameResolutionError("<urllib3.connection.HTTPSConnection object at 0xffff4e8bb770>: Failed to resolve 'urlhaus.abuse.ch' ([Errno -2] Name or service not known)"))

During handling of the above exception, another exception occurred:

Traceback (most recent call last):
  File "/home/airflow/.local/lib/python3.12/site-packages/airflow/models/taskinstance.py", line 465, in _execute_task
    result = _execute_callable(context=context, **execute_callable_kwargs)
             ^^^^^^^^^^^^^^^^^^^^^^^^^^^^^^^^^^^^^^^^^^^^^^^^^^^^^^^^^^^^^
  File "/home/airflow/.local/lib/python3.12/site-packages/airflow/models/taskinstance.py", line 432, in _execute_callable
    return execute_callable(context=context, **execute_callable_kwargs)
           ^^^^^^^^^^^^^^^^^^^^^^^^^^^^^^^^^^^^^^^^^^^^^^^^^^^^^^^^^^^^
  File "/home/airflow/.local/lib/python3.12/site-packages/airflow/models/baseoperator.py", line 401, in wrapper
    return func(self, *args, **kwargs)
           ^^^^^^^^^^^^^^^^^^^^^^^^^^^
  File "/home/airflow/.local/lib/python3.12/site-packages/airflow/operators/python.py", line 235, in execute
    return_value = self.execute_callable()
                   ^^^^^^^^^^^^^^^^^^^^^^^
  File "/home/airflow/.local/lib/python3.12/site-packages/airflow/operators/python.py", line 252, in execute_callable
    return self.python_callable(*self.op_args, **self.op_kwargs)
           ^^^^^^^^^^^^^^^^^^^^^^^^^^^^^^^^^^^^^^^^^^^^^^^^^^^^^
  File "/opt/airflow/dags/urlhaus_ingest.py", line 25, in fetch_and_write_urlhaus
    r = sess.get(url, timeout=60, headers={"User-Agent":"threat-intel-lab/0.1"})
        ^^^^^^^^^^^^^^^^^^^^^^^^^^^^^^^^^^^^^^^^^^^^^^^^^^^^^^^^^^^^^^^^^^^^^^^^
  File "/home/airflow/.local/lib/python3.12/site-packages/requests/sessions.py", line 602, in get
    return self.request("GET", url, **kwargs)
           ^^^^^^^^^^^^^^^^^^^^^^^^^^^^^^^^^^
  File "/home/airflow/.local/lib/python3.12/site-packages/requests/sessions.py", line 589, in request
    resp = self.send(prep, **send_kwargs)
           ^^^^^^^^^^^^^^^^^^^^^^^^^^^^^^
  File "/home/airflow/.local/lib/python3.12/site-packages/requests/sessions.py", line 703, in send
    r = adapter.send(request, **kwargs)
        ^^^^^^^^^^^^^^^^^^^^^^^^^^^^^^^
  File "/home/airflow/.local/lib/python3.12/site-packages/requests/adapters.py", line 700, in send
    raise ConnectionError(e, request=request)
requests.exceptions.ConnectionError: HTTPSConnectionPool(host='urlhaus.abuse.ch', port=443): Max retries exceeded with url: /downloads/csv_online/ (Caused by NameResolutionError("<urllib3.connection.HTTPSConnection object at 0xffff4e8bb770>: Failed to resolve 'urlhaus.abuse.ch' ([Errno -2] Name or service not known)"))
[2025-10-06T00:17:26.887+0000] {taskinstance.py:1206} INFO - Marking task as UP_FOR_RETRY. dag_id=urlhaus_ingest, task_id=urlhaus_fetch_normalize_bronze, run_id=scheduled__2025-10-05T00:00:00+00:00, execution_date=20251005T000000, start_date=20251006T001726, end_date=20251006T001726
[2025-10-06T00:17:26.893+0000] {standard_task_runner.py:110} ERROR - Failed to execute job 99 for task urlhaus_fetch_normalize_bronze (HTTPSConnectionPool(host='urlhaus.abuse.ch', port=443): Max retries exceeded with url: /downloads/csv_online/ (Caused by NameResolutionError("<urllib3.connection.HTTPSConnection object at 0xffff4e8bb770>: Failed to resolve 'urlhaus.abuse.ch' ([Errno -2] Name or service not known)")); 88003)
[2025-10-06T00:17:26.936+0000] {local_task_job_runner.py:243} INFO - Task exited with return code 1
[2025-10-06T00:17:26.944+0000] {taskinstance.py:3503} INFO - 0 downstream tasks scheduled from follow-on schedule check
[2025-10-06T00:17:26.945+0000] {local_task_job_runner.py:222} INFO - ::endgroup::
[2025-10-29T17:16:47.893+0000] {local_task_job_runner.py:120} INFO - ::group::Pre task execution logs
[2025-10-29T17:16:47.900+0000] {taskinstance.py:2076} INFO - Dependencies all met for dep_context=non-requeueable deps ti=<TaskInstance: urlhaus_ingest.urlhaus_fetch_normalize_bronze scheduled__2025-10-05T00:00:00+00:00 [queued]>
[2025-10-29T17:16:47.902+0000] {taskinstance.py:2076} INFO - Dependencies all met for dep_context=requeueable deps ti=<TaskInstance: urlhaus_ingest.urlhaus_fetch_normalize_bronze scheduled__2025-10-05T00:00:00+00:00 [queued]>
[2025-10-29T17:16:47.902+0000] {taskinstance.py:2306} INFO - Starting attempt 1 of 2
[2025-10-29T17:16:47.906+0000] {taskinstance.py:2330} INFO - Executing <Task(PythonOperator): urlhaus_fetch_normalize_bronze> on 2025-10-05 00:00:00+00:00
[2025-10-29T17:16:47.909+0000] {warnings.py:112} WARNING - /home/airflow/.local/lib/python3.12/site-packages/airflow/task/task_runner/standard_task_runner.py:62: DeprecationWarning: This process (pid=2238) is multi-threaded, use of fork() may lead to deadlocks in the child.
  pid = os.fork()

[2025-10-29T17:16:47.910+0000] {standard_task_runner.py:64} INFO - Started process 2259 to run task
[2025-10-29T17:16:47.910+0000] {standard_task_runner.py:90} INFO - Running: ['airflow', 'tasks', 'run', 'urlhaus_ingest', 'urlhaus_fetch_normalize_bronze', 'scheduled__2025-10-05T00:00:00+00:00', '--job-id', '79', '--raw', '--subdir', 'DAGS_FOLDER/urlhaus_ingest.py', '--cfg-path', '/tmp/tmp4706l30l']
[2025-10-29T17:16:47.910+0000] {standard_task_runner.py:91} INFO - Job 79: Subtask urlhaus_fetch_normalize_bronze
[2025-10-29T17:16:47.924+0000] {task_command.py:426} INFO - Running <TaskInstance: urlhaus_ingest.urlhaus_fetch_normalize_bronze scheduled__2025-10-05T00:00:00+00:00 [running]> on host 109bbc934e0f
[2025-10-29T17:16:47.947+0000] {taskinstance.py:2648} INFO - Exporting env vars: AIRFLOW_CTX_DAG_OWNER='you' AIRFLOW_CTX_DAG_ID='urlhaus_ingest' AIRFLOW_CTX_TASK_ID='urlhaus_fetch_normalize_bronze' AIRFLOW_CTX_EXECUTION_DATE='2025-10-05T00:00:00+00:00' AIRFLOW_CTX_TRY_NUMBER='1' AIRFLOW_CTX_DAG_RUN_ID='scheduled__2025-10-05T00:00:00+00:00'
[2025-10-29T17:16:47.947+0000] {taskinstance.py:430} INFO - ::endgroup::
[2025-10-29T17:16:48.096+0000] {logging_mixin.py:188} INFO - [urlhaus_ingest] rows after normalize: 21313
[2025-10-29T17:16:48.108+0000] {logging_mixin.py:188} INFO - [urlhaus] rows after normalize: 21313
[2025-10-29T17:16:48.131+0000] {python.py:237} INFO - Done. Returned value was: None
[2025-10-29T17:16:48.131+0000] {taskinstance.py:441} INFO - ::group::Post task execution logs
[2025-10-29T17:16:48.133+0000] {taskinstance.py:1206} INFO - Marking task as SUCCESS. dag_id=urlhaus_ingest, task_id=urlhaus_fetch_normalize_bronze, run_id=scheduled__2025-10-05T00:00:00+00:00, execution_date=20251005T000000, start_date=20251029T171647, end_date=20251029T171648
[2025-10-29T17:16:48.183+0000] {local_task_job_runner.py:243} INFO - Task exited with return code 0
[2025-10-29T17:16:48.187+0000] {taskinstance.py:3503} INFO - 0 downstream tasks scheduled from follow-on schedule check
[2025-10-29T17:16:48.187+0000] {local_task_job_runner.py:222} INFO - ::endgroup::
[2025-10-29T18:13:26.724+0000] {local_task_job_runner.py:120} INFO - ::group::Pre task execution logs
[2025-10-29T18:13:26.731+0000] {taskinstance.py:2076} INFO - Dependencies all met for dep_context=non-requeueable deps ti=<TaskInstance: urlhaus_ingest.urlhaus_fetch_normalize_bronze scheduled__2025-10-05T00:00:00+00:00 [queued]>
[2025-10-29T18:13:26.733+0000] {taskinstance.py:2076} INFO - Dependencies all met for dep_context=requeueable deps ti=<TaskInstance: urlhaus_ingest.urlhaus_fetch_normalize_bronze scheduled__2025-10-05T00:00:00+00:00 [queued]>
[2025-10-29T18:13:26.733+0000] {taskinstance.py:2306} INFO - Starting attempt 1 of 2
[2025-10-29T18:13:26.737+0000] {taskinstance.py:2330} INFO - Executing <Task(PythonOperator): urlhaus_fetch_normalize_bronze> on 2025-10-05 00:00:00+00:00
[2025-10-29T18:13:26.740+0000] {warnings.py:112} WARNING - /home/airflow/.local/lib/python3.12/site-packages/airflow/task/task_runner/standard_task_runner.py:62: DeprecationWarning: This process (pid=4403) is multi-threaded, use of fork() may lead to deadlocks in the child.
  pid = os.fork()

[2025-10-29T18:13:26.741+0000] {standard_task_runner.py:64} INFO - Started process 4424 to run task
[2025-10-29T18:13:26.741+0000] {standard_task_runner.py:90} INFO - Running: ['airflow', 'tasks', 'run', 'urlhaus_ingest', 'urlhaus_fetch_normalize_bronze', 'scheduled__2025-10-05T00:00:00+00:00', '--job-id', '171', '--raw', '--subdir', 'DAGS_FOLDER/urlhaus_ingest.py', '--cfg-path', '/tmp/tmpr8ycrp24']
[2025-10-29T18:13:26.742+0000] {standard_task_runner.py:91} INFO - Job 171: Subtask urlhaus_fetch_normalize_bronze
[2025-10-29T18:13:26.754+0000] {task_command.py:426} INFO - Running <TaskInstance: urlhaus_ingest.urlhaus_fetch_normalize_bronze scheduled__2025-10-05T00:00:00+00:00 [running]> on host 9a4b1d75930e
[2025-10-29T18:13:26.777+0000] {taskinstance.py:2648} INFO - Exporting env vars: AIRFLOW_CTX_DAG_OWNER='you' AIRFLOW_CTX_DAG_ID='urlhaus_ingest' AIRFLOW_CTX_TASK_ID='urlhaus_fetch_normalize_bronze' AIRFLOW_CTX_EXECUTION_DATE='2025-10-05T00:00:00+00:00' AIRFLOW_CTX_TRY_NUMBER='1' AIRFLOW_CTX_DAG_RUN_ID='scheduled__2025-10-05T00:00:00+00:00'
[2025-10-29T18:13:26.777+0000] {taskinstance.py:430} INFO - ::endgroup::
[2025-10-29T18:13:26.920+0000] {logging_mixin.py:188} INFO - [urlhaus_ingest] rows after normalize: 21301
[2025-10-29T18:13:26.931+0000] {logging_mixin.py:188} INFO - [urlhaus] rows after normalize: 21301
[2025-10-29T18:13:26.955+0000] {python.py:237} INFO - Done. Returned value was: None
[2025-10-29T18:13:26.955+0000] {taskinstance.py:441} INFO - ::group::Post task execution logs
[2025-10-29T18:13:26.957+0000] {taskinstance.py:1206} INFO - Marking task as SUCCESS. dag_id=urlhaus_ingest, task_id=urlhaus_fetch_normalize_bronze, run_id=scheduled__2025-10-05T00:00:00+00:00, execution_date=20251005T000000, start_date=20251029T181326, end_date=20251029T181326
[2025-10-29T18:13:26.968+0000] {local_task_job_runner.py:243} INFO - Task exited with return code 0
[2025-10-29T18:13:26.972+0000] {taskinstance.py:3503} INFO - 0 downstream tasks scheduled from follow-on schedule check
[2025-10-29T18:13:26.973+0000] {local_task_job_runner.py:222} INFO - ::endgroup::
